Traceback (most recent call last):
  File "/opt/hostedtoolcache/Python/3.11.15/x64/lib/python3.11/site-packages/requests/models.py", line 1116, in json
    return complexjson.loads(self.text, **kwargs)
           ^^^^^^^^^^^^^^^^^^^^^^^^^^^^^^^^^^^^^^
  File "/opt/hostedtoolcache/Python/3.11.15/x64/lib/python3.11/json/__init__.py", line 346, in loads
    return _default_decoder.decode(s)
           ^^^^^^^^^^^^^^^^^^^^^^^^^^
  File "/opt/hostedtoolcache/Python/3.11.15/x64/lib/python3.11/json/decoder.py", line 337, in decode
    obj, end = self.raw_decode(s, idx=_w(s, 0).end())
               ^^^^^^^^^^^^^^^^^^^^^^^^^^^^^^^^^^^^^^
  File "/opt/hostedtoolcache/Python/3.11.15/x64/lib/python3.11/json/decoder.py", line 355, in raw_decode
    raise JSONDecodeError("Expecting value", s, err.value) from None
json.decoder.JSONDecodeError: Expecting value: line 1 column 1 (char 0)

During handling of the above exception, another exception occurred:

Traceback (most recent call last):
  File "/home/runner/work/kosairesearch.github.io/kosairesearch.github.io/scripts/collect_data.py", line 1281, in <module>
    main()
  File "/home/runner/work/kosairesearch.github.io/kosairesearch.github.io/scripts/collect_data.py", line 1202, in main
    date = get_latest_trading_date()
           ^^^^^^^^^^^^^^^^^^^^^^^^^
  File "/home/runner/work/kosairesearch.github.io/kosairesearch.github.io/scripts/collect_data.py", line 369, in get_latest_trading_date
    from pykrx import stock as krx
  File "/opt/hostedtoolcache/Python/3.11.15/x64/lib/python3.11/site-packages/pykrx/__init__.py", line 7, in <module>
    from . import bond, stock
  File "/opt/hostedtoolcache/Python/3.11.15/x64/lib/python3.11/site-packages/pykrx/bond/__init__.py", line 1, in <module>
    from .bond import *
  File "/opt/hostedtoolcache/Python/3.11.15/x64/lib/python3.11/site-packages/pykrx/bond/bond.py", line 5, in <module>
    from pykrx.website import krx
  File "/opt/hostedtoolcache/Python/3.11.15/x64/lib/python3.11/site-packages/pykrx/website/krx/__init__.py", line 3, in <module>
    from .bond import *
  File "/opt/hostedtoolcache/Python/3.11.15/x64/lib/python3.11/site-packages/pykrx/website/krx/bond/__init__.py", line 2, in <module>
    from .wrap import *
  File "/opt/hostedtoolcache/Python/3.11.15/x64/lib/python3.11/site-packages/pykrx/website/krx/bond/wrap.py", line 5, in <module>
    from pykrx.website.comm import dataframe_empty_handler
  File "/opt/hostedtoolcache/Python/3.11.15/x64/lib/python3.11/site-packages/pykrx/website/comm/__init__.py", line 8, in <module>
    from pykrx.website.comm.webio import get_session, set_session
  File "/opt/hostedtoolcache/Python/3.11.15/x64/lib/python3.11/site-packages/pykrx/website/comm/webio.py", line 12, in <module>
    _session = build_krx_session()
               ^^^^^^^^^^^^^^^^^^^
  File "/opt/hostedtoolcache/Python/3.11.15/x64/lib/python3.11/site-packages/pykrx/website/comm/auth.py", line 192, in build_krx_session
    success = krxs.refresh(login_id, login_pw)
              ^^^^^^^^^^^^^^^^^^^^^^^^^^^^^^^^
  File "/opt/hostedtoolcache/Python/3.11.15/x64/lib/python3.11/site-packages/pykrx/website/comm/auth.py", line 53, in refresh
    success = login_krx(login_id, login_pw, self.session)
              ^^^^^^^^^^^^^^^^^^^^^^^^^^^^^^^^^^^^^^^^^^^
  File "/opt/hostedtoolcache/Python/3.11.15/x64/lib/python3.11/site-packages/pykrx/website/comm/auth.py", line 153, in login_krx
    data = resp.json()
           ^^^^^^^^^^^
  File "/opt/hostedtoolcache/Python/3.11.15/x64/lib/python3.11/site-packages/requests/models.py", line 1120, in json
    raise RequestsJSONDecodeError(e.msg, e.doc, e.pos)
requests.exceptions.JSONDecodeError: Expecting value: line 1 column 1 (char 0)
