KRX 로그인 시도...
  로그인 ID: qjawnsdla
KRX 로그인 완료.
  로그인 시간: 2026-06-14 07:40:22
  만료 시간: 2026-06-14 08:40:22
- 정량 수집 241560 두산밥캣...
reprt_code='11011', fs_div='CFS' (사업보고서, 연결제무제표)'
reprt_code='11011', fs_div='CFS' (사업보고서, 연결제무제표)'
reprt_code='11011', fs_div='CFS' (사업보고서, 연결제무제표)'
reprt_code='11011', fs_div='CFS' (사업보고서, 연결제무제표)'
reprt_code='11013', fs_div='CFS' (1분기보고서, 연결제무제표)'
reprt_code='11012', fs_div='CFS' (반기보고서, 연결제무제표)'
reprt_code='11014', fs_div='CFS' (3분기보고서, 연결제무제표)'
reprt_code='11013', fs_div='CFS' (1분기보고서, 연결제무제표)'
    [DBG 241560] fy_np=282899000 fy_eq_owner=5011583000 fy_eps_basic=None
    [DBG] dq1c np_owner=89716000 np=89716000 eq_owner=4998232000 eq=4998232000 eps_basic=None
    [DBG] dart_total_shares=95856065 krx_shares=95856065 ttm_np=294573000
  ❌ 두산밥캣 중대오류 차단 → 해당 지표 숨김: EPS 3↔네이버 4411.0 / BPS 52↔네이버 79003.0
### 두산밥캣
  2025: 매출 62억 영업이익 5억 지배순이익 3억 OPM 7.8% ROE 5.6% 부채비율 70.8%
  2024: 매출 63억 영업이익 6억 지배순이익 4억 OPM 10.2% ROE 8.8% 부채비율 74.2%
  2023: 매출 75억 영업이익 11억 지배순이익 7억 OPM 14.2% ROE 15.3% 부채비율 74.2%
  2022: 매출 86,219억 영업이익 10,716억 지배순이익 6,441억 OPM 12.4% ROE 12.8% 부채비율 84.1%
  2025Q1: 매출 14억 영업이익 1억 지배순이익 1억
  2025Q2: 매출 16억 영업이익 1억 지배순이익 1억
  2025Q3: 매출 15억 영업이익 1억 지배순이익 1억
  2025Q4: 매출 16억 영업이익 1억 지배순이익 1억
  2026Q1: 매출 15억 영업이익 1억 지배순이익 1억
  PER None | EPS None | PBR None | BPS None | ROE 6.1 | 배당 2.63% | DPS 1700.0
