- 리포트 동기화 99건 — 그리드=리포트 항상 일치(무료)
reprt_code='11011', fs_div='CFS' (사업보고서, 연결제무제표)'
reprt_code='11011', fs_div='CFS' (사업보고서, 연결제무제표)'
reprt_code='11011', fs_div='CFS' (사업보고서, 연결제무제표)'
reprt_code='11011', fs_div='CFS' (사업보고서, 연결제무제표)'
reprt_code='11013', fs_div='CFS' (1분기보고서, 연결제무제표)'
reprt_code='11012', fs_div='CFS' (반기보고서, 연결제무제표)'
reprt_code='11014', fs_div='CFS' (3분기보고서, 연결제무제표)'
reprt_code='11013', fs_div='CFS' (1분기보고서, 연결제무제표)'
  ✅ 동원산업 검증 통과 PER 3.5 PBR 0.41 EPS 9654 BPS 83289
  · 006040 동원산업: EPS=9654 BPS=83289 ROE=12.7 DPS=1150.0 성장=7.1
reprt_code='11011', fs_div='CFS' (사업보고서, 연결제무제표)'
reprt_code='11011', fs_div='CFS' (사업보고서, 연결제무제표)'
reprt_code='11011', fs_div='CFS' (사업보고서, 연결제무제표)'
reprt_code='11011', fs_div='CFS' (사업보고서, 연결제무제표)'
reprt_code='11013', fs_div='CFS' (1분기보고서, 연결제무제표)'
reprt_code='11012', fs_div='CFS' (반기보고서, 연결제무제표)'
reprt_code='11014', fs_div='CFS' (3분기보고서, 연결제무제표)'
reprt_code='11013', fs_div='CFS' (1분기보고서, 연결제무제표)'
  ✅ 녹십자 검증 통과 PER None PBR 1.17 EPS -1218 BPS 107663
  · 006280 녹십자: EPS=-1218 BPS=107663 ROE=-1.1 DPS=None 성장=18.5
reprt_code='11011', fs_div='CFS' (사업보고서, 연결제무제표)'
reprt_code='11011', fs_div='CFS' (사업보고서, 연결제무제표)'
reprt_code='11011', fs_div='CFS' (사업보고서, 연결제무제표)'
{'status': '013', 'message': '조회된 데이타가 없습니다.'}

reprt_code='11011', fs_div='OFS' (사업보고서, 별도(개별)제무제표)'
{'status': '013', 'message': '조회된 데이타가 없습니다.'}

reprt_code='11011', fs_div='CFS' (사업보고서, 연결제무제표)'
{'status': '013', 'message': '조회된 데이타가 없습니다.'}

reprt_code='11011', fs_div='OFS' (사업보고서, 별도(개별)제무제표)'
{'status': '013', 'message': '조회된 데이타가 없습니다.'}

reprt_code='11013', fs_div='CFS' (1분기보고서, 연결제무제표)'
reprt_code='11012', fs_div='CFS' (반기보고서, 연결제무제표)'
reprt_code='11014', fs_div='CFS' (3분기보고서, 연결제무제표)'
reprt_code='11013', fs_div='CFS' (1분기보고서, 연결제무제표)'
  ✅ SK이터닉스 검증 통과 PER 58.8 PBR 5.38 EPS 731 BPS 7986
  · 475150 SK이터닉스: EPS=731 BPS=7986 ROE=9.6 DPS=None 성장=16.1
reprt_code='11011', fs_div='CFS' (사업보고서, 연결제무제표)'
reprt_code='11011', fs_div='CFS' (사업보고서, 연결제무제표)'
reprt_code='11011', fs_div='CFS' (사업보고서, 연결제무제표)'
{'status': '013', 'message': '조회된 데이타가 없습니다.'}

reprt_code='11011', fs_div='OFS' (사업보고서, 별도(개별)제무제표)'
{'status': '013', 'message': '조회된 데이타가 없습니다.'}

reprt_code='11011', fs_div='CFS' (사업보고서, 연결제무제표)'
{'status': '013', 'message': '조회된 데이타가 없습니다.'}

reprt_code='11011', fs_div='OFS' (사업보고서, 별도(개별)제무제표)'
{'status': '013', 'message': '조회된 데이타가 없습니다.'}

reprt_code='11013', fs_div='CFS' (1분기보고서, 연결제무제표)'
reprt_code='11012', fs_div='CFS' (반기보고서, 연결제무제표)'
reprt_code='11014', fs_div='CFS' (3분기보고서, 연결제무제표)'
reprt_code='11013', fs_div='CFS' (1분기보고서, 연결제무제표)'
  ✅ 오름테라퓨틱 검증 통과 PER None PBR 11.82 EPS -2261 BPS 5746
  · 475830 오름테라퓨틱: EPS=-2261 BPS=5746 ROE=-34.6 DPS=0.0 성장=-99.9
reprt_code='11011', fs_div='CFS' (사업보고서, 연결제무제표)'
reprt_code='11011', fs_div='CFS' (사업보고서, 연결제무제표)'
reprt_code='11011', fs_div='CFS' (사업보고서, 연결제무제표)'
reprt_code='11011', fs_div='CFS' (사업보고서, 연결제무제표)'
{'status': '013', 'message': '조회된 데이타가 없습니다.'}

reprt_code='11011', fs_div='OFS' (사업보고서, 별도(개별)제무제표)'
{'status': '013', 'message': '조회된 데이타가 없습니다.'}

reprt_code='11013', fs_div='CFS' (1분기보고서, 연결제무제표)'
reprt_code='11012', fs_div='CFS' (반기보고서, 연결제무제표)'
reprt_code='11014', fs_div='CFS' (3분기보고서, 연결제무제표)'
reprt_code='11013', fs_div='CFS' (1분기보고서, 연결제무제표)'
  ❌ 대신증권 중대오류 차단 → 해당 지표 숨김: EPS 3378↔ref 2816.0
  · 003540 대신증권: EPS=None BPS=56384 ROE=6.9 DPS=1200.0 성장=23.7
reprt_code='11011', fs_div='CFS' (사업보고서, 연결제무제표)'
reprt_code='11011', fs_div='CFS' (사업보고서, 연결제무제표)'
reprt_code='11011', fs_div='CFS' (사업보고서, 연결제무제표)'
reprt_code='11011', fs_div='CFS' (사업보고서, 연결제무제표)'
reprt_code='11013', fs_div='CFS' (1분기보고서, 연결제무제표)'
reprt_code='11012', fs_div='CFS' (반기보고서, 연결제무제표)'
reprt_code='11014', fs_div='CFS' (3분기보고서, 연결제무제표)'
reprt_code='11013', fs_div='CFS' (1분기보고서, 연결제무제표)'
  ❌ 아시아나항공 중대오류 차단 → 해당 지표 숨김: EPS -4139↔ref -3165.0
  · 020560 아시아나항공: EPS=None BPS=2464 ROE=-86.2 DPS=None 성장=-12.6
reprt_code='11011', fs_div='CFS' (사업보고서, 연결제무제표)'
reprt_code='11011', fs_div='CFS' (사업보고서, 연결제무제표)'
reprt_code='11011', fs_div='CFS' (사업보고서, 연결제무제표)'
reprt_code='11011', fs_div='CFS' (사업보고서, 연결제무제표)'
reprt_code='11013', fs_div='CFS' (1분기보고서, 연결제무제표)'
reprt_code='11012', fs_div='CFS' (반기보고서, 연결제무제표)'
reprt_code='11014', fs_div='CFS' (3분기보고서, 연결제무제표)'
reprt_code='11013', fs_div='CFS' (1분기보고서, 연결제무제표)'
  ✅ 효성티앤씨 검증 통과 PER 49.2 PBR 0.89 EPS 6837 BPS 378453
  · 298020 효성티앤씨: EPS=6837 BPS=378453 ROE=1.9 DPS=10100.0 성장=-1.0
reprt_code='11011', fs_div='CFS' (사업보고서, 연결제무제표)'
reprt_code='11011', fs_div='CFS' (사업보고서, 연결제무제표)'
reprt_code='11011', fs_div='CFS' (사업보고서, 연결제무제표)'
reprt_code='11011', fs_div='CFS' (사업보고서, 연결제무제표)'
{'status': '013', 'message': '조회된 데이타가 없습니다.'}

reprt_code='11011', fs_div='OFS' (사업보고서, 별도(개별)제무제표)'
reprt_code='11013', fs_div='CFS' (1분기보고서, 연결제무제표)'
reprt_code='11012', fs_div='CFS' (반기보고서, 연결제무제표)'
reprt_code='11014', fs_div='CFS' (3분기보고서, 연결제무제표)'
reprt_code='11013', fs_div='CFS' (1분기보고서, 연결제무제표)'
  ✅ 하나머티리얼즈 검증 통과 PER 28.3 PBR 2.91 EPS 2583 BPS 25162
  · 166090 하나머티리얼즈: EPS=2583 BPS=25162 ROE=11.8 DPS=300.0 성장=8.7
reprt_code='11011', fs_div='CFS' (사업보고서, 연결제무제표)'
reprt_code='11011', fs_div='CFS' (사업보고서, 연결제무제표)'
reprt_code='11011', fs_div='CFS' (사업보고서, 연결제무제표)'
reprt_code='11011', fs_div='CFS' (사업보고서, 연결제무제표)'
reprt_code='11013', fs_div='CFS' (1분기보고서, 연결제무제표)'
reprt_code='11012', fs_div='CFS' (반기보고서, 연결제무제표)'
reprt_code='11014', fs_div='CFS' (3분기보고서, 연결제무제표)'
reprt_code='11013', fs_div='CFS' (1분기보고서, 연결제무제표)'
  ✅ 롯데관광개발 검증 통과 PER 31.1 PBR 3.91 EPS 573 BPS 4554
  · 032350 롯데관광개발: EPS=573 BPS=4554 ROE=13.4 DPS=0.0 성장=38.6
reprt_code='11011', fs_div='CFS' (사업보고서, 연결제무제표)'
reprt_code='11011', fs_div='CFS' (사업보고서, 연결제무제표)'
reprt_code='11011', fs_div='CFS' (사업보고서, 연결제무제표)'
reprt_code='11011', fs_div='CFS' (사업보고서, 연결제무제표)'
reprt_code='11013', fs_div='CFS' (1분기보고서, 연결제무제표)'
reprt_code='11012', fs_div='CFS' (반기보고서, 연결제무제표)'
reprt_code='11014', fs_div='CFS' (3분기보고서, 연결제무제표)'
reprt_code='11013', fs_div='CFS' (1분기보고서, 연결제무제표)'
  ✅ 대웅제약 검증 통과 PER 6.9 PBR 1.35 EPS 17370 BPS 89167
  · 069620 대웅제약: EPS=17370 BPS=89167 ROE=22.1 DPS=600.0 성장=10.4
reprt_code='11011', fs_div='CFS' (사업보고서, 연결제무제표)'
reprt_code='11011', fs_div='CFS' (사업보고서, 연결제무제표)'
reprt_code='11011', fs_div='CFS' (사업보고서, 연결제무제표)'
reprt_code='11011', fs_div='CFS' (사업보고서, 연결제무제표)'
reprt_code='11013', fs_div='CFS' (1분기보고서, 연결제무제표)'
reprt_code='11012', fs_div='CFS' (반기보고서, 연결제무제표)'
reprt_code='11014', fs_div='CFS' (3분기보고서, 연결제무제표)'
reprt_code='11013', fs_div='CFS' (1분기보고서, 연결제무제표)'
  ✅ 파라다이스 검증 통과 PER 16.4 PBR 0.76 EPS 914 BPS 19788
  · 034230 파라다이스: EPS=914 BPS=19788 ROE=4.7 DPS=150.0 성장=7.3
reprt_code='11011', fs_div='CFS' (사업보고서, 연결제무제표)'
reprt_code='11011', fs_div='CFS' (사업보고서, 연결제무제표)'
reprt_code='11011', fs_div='CFS' (사업보고서, 연결제무제표)'
reprt_code='11011', fs_div='CFS' (사업보고서, 연결제무제표)'
reprt_code='11013', fs_div='CFS' (1분기보고서, 연결제무제표)'
reprt_code='11012', fs_div='CFS' (반기보고서, 연결제무제표)'
reprt_code='11014', fs_div='CFS' (3분기보고서, 연결제무제표)'
reprt_code='11013', fs_div='CFS' (1분기보고서, 연결제무제표)'
  ✅ 금호타이어 검증 통과 PER 4.0 PBR 0.61 EPS 1204 BPS 7804
  · 073240 금호타이어: EPS=1204 BPS=7804 ROE=17.1 DPS=0.0 성장=3.7
reprt_code='11011', fs_div='CFS' (사업보고서, 연결제무제표)'
reprt_code='11011', fs_div='CFS' (사업보고서, 연결제무제표)'
reprt_code='11011', fs_div='CFS' (사업보고서, 연결제무제표)'
reprt_code='11011', fs_div='CFS' (사업보고서, 연결제무제표)'
reprt_code='11013', fs_div='CFS' (1분기보고서, 연결제무제표)'
reprt_code='11012', fs_div='CFS' (반기보고서, 연결제무제표)'
reprt_code='11014', fs_div='CFS' (3분기보고서, 연결제무제표)'
reprt_code='11013', fs_div='CFS' (1분기보고서, 연결제무제표)'
  ✅ 에스앤에스텍 검증 통과 PER 22.2 PBR 4.17 EPS 2883 BPS 15340
  · 101490 에스앤에스텍: EPS=2883 BPS=15340 ROE=20.9 DPS=200.0 성장=38.5
reprt_code='11011', fs_div='CFS' (사업보고서, 연결제무제표)'
reprt_code='11011', fs_div='CFS' (사업보고서, 연결제무제표)'
reprt_code='11011', fs_div='CFS' (사업보고서, 연결제무제표)'
reprt_code='11011', fs_div='CFS' (사업보고서, 연결제무제표)'
reprt_code='11013', fs_div='CFS' (1분기보고서, 연결제무제표)'
reprt_code='11012', fs_div='CFS' (반기보고서, 연결제무제표)'
reprt_code='11014', fs_div='CFS' (3분기보고서, 연결제무제표)'
reprt_code='11013', fs_div='CFS' (1분기보고서, 연결제무제표)'
  ❌ SNT다이내믹스 중대오류 차단 → 해당 지표 숨김: EPS 2757↔ref 1926.0
  · 003570 SNT다이내믹스: EPS=None BPS=37551 ROE=10.9 DPS=1800.0 성장=15.9
reprt_code='11011', fs_div='CFS' (사업보고서, 연결제무제표)'
reprt_code='11011', fs_div='CFS' (사업보고서, 연결제무제표)'
reprt_code='11011', fs_div='CFS' (사업보고서, 연결제무제표)'
reprt_code='11011', fs_div='CFS' (사업보고서, 연결제무제표)'
reprt_code='11013', fs_div='CFS' (1분기보고서, 연결제무제표)'
reprt_code='11012', fs_div='CFS' (반기보고서, 연결제무제표)'
reprt_code='11014', fs_div='CFS' (3분기보고서, 연결제무제표)'
reprt_code='11013', fs_div='CFS' (1분기보고서, 연결제무제표)'
  ✅ 해성디에스 검증 통과 PER 39.2 PBR 2.39 EPS 2004 BPS 32896
  · 195870 해성디에스: EPS=2004 BPS=32896 ROE=6.2 DPS=900.0 성장=8.4
reprt_code='11011', fs_div='CFS' (사업보고서, 연결제무제표)'
reprt_code='11011', fs_div='CFS' (사업보고서, 연결제무제표)'
reprt_code='11011', fs_div='CFS' (사업보고서, 연결제무제표)'
reprt_code='11011', fs_div='CFS' (사업보고서, 연결제무제표)'
reprt_code='11013', fs_div='CFS' (1분기보고서, 연결제무제표)'
reprt_code='11012', fs_div='CFS' (반기보고서, 연결제무제표)'
reprt_code='11014', fs_div='CFS' (3분기보고서, 연결제무제표)'
reprt_code='11013', fs_div='CFS' (1분기보고서, 연결제무제표)'
  ✅ 삼화콘덴서 검증 통과 PER 96.6 PBR 4.77 EPS 1327 BPS 26876
  · 001820 삼화콘덴서: EPS=1327 BPS=26876 ROE=5.0 DPS=500.0 성장=-0.3
reprt_code='11011', fs_div='CFS' (사업보고서, 연결제무제표)'
reprt_code='11011', fs_div='CFS' (사업보고서, 연결제무제표)'
reprt_code='11011', fs_div='CFS' (사업보고서, 연결제무제표)'
reprt_code='11011', fs_div='CFS' (사업보고서, 연결제무제표)'
reprt_code='11013', fs_div='CFS' (1분기보고서, 연결제무제표)'
reprt_code='11012', fs_div='CFS' (반기보고서, 연결제무제표)'
reprt_code='11014', fs_div='CFS' (3분기보고서, 연결제무제표)'
reprt_code='11013', fs_div='CFS' (1분기보고서, 연결제무제표)'
  ❌ 오뚜기 중대오류 차단 → 해당 지표 숨김: EPS 21041↔ref 17919.0
  · 007310 오뚜기: EPS=None BPS=633090 ROE=3.4 DPS=9000.0 성장=3.8
reprt_code='11011', fs_div='CFS' (사업보고서, 연결제무제표)'
reprt_code='11011', fs_div='CFS' (사업보고서, 연결제무제표)'
reprt_code='11011', fs_div='CFS' (사업보고서, 연결제무제표)'
reprt_code='11011', fs_div='CFS' (사업보고서, 연결제무제표)'
reprt_code='11013', fs_div='CFS' (1분기보고서, 연결제무제표)'
reprt_code='11012', fs_div='CFS' (반기보고서, 연결제무제표)'
reprt_code='11014', fs_div='CFS' (3분기보고서, 연결제무제표)'
reprt_code='11013', fs_div='CFS' (1분기보고서, 연결제무제표)'
  ✅ IPARK현대산업개발 검증 통과 PER 8.2 PBR 0.39 EPS 2415 BPS 50926
  · 294870 IPARK현대산업개발: EPS=2415 BPS=50926 ROE=4.8 DPS=700.0 성장=-2.6
reprt_code='11011', fs_div='CFS' (사업보고서, 연결제무제표)'
reprt_code='11011', fs_div='CFS' (사업보고서, 연결제무제표)'
reprt_code='11011', fs_div='CFS' (사업보고서, 연결제무제표)'
reprt_code='11011', fs_div='CFS' (사업보고서, 연결제무제표)'
reprt_code='11013', fs_div='CFS' (1분기보고서, 연결제무제표)'
reprt_code='11012', fs_div='CFS' (반기보고서, 연결제무제표)'
reprt_code='11014', fs_div='CFS' (3분기보고서, 연결제무제표)'
reprt_code='11013', fs_div='CFS' (1분기보고서, 연결제무제표)'
  ✅ 와이씨 검증 통과 PER 58.3 PBR 3.48 EPS 274 BPS 4596
  · 232140 와이씨: EPS=274 BPS=4596 ROE=6.0 DPS=0.0 성장=29.1
reprt_code='11011', fs_div='CFS' (사업보고서, 연결제무제표)'
reprt_code='11011', fs_div='CFS' (사업보고서, 연결제무제표)'
reprt_code='11011', fs_div='CFS' (사업보고서, 연결제무제표)'
reprt_code='11011', fs_div='CFS' (사업보고서, 연결제무제표)'
reprt_code='11013', fs_div='CFS' (1분기보고서, 연결제무제표)'
reprt_code='11012', fs_div='CFS' (반기보고서, 연결제무제표)'
reprt_code='11014', fs_div='CFS' (3분기보고서, 연결제무제표)'
reprt_code='11013', fs_div='CFS' (1분기보고서, 연결제무제표)'
  ✅ NHN 검증 통과 PER 20.9 PBR 0.83 EPS 1905 BPS 48215
  · 181710 NHN: EPS=1905 BPS=48215 ROE=3.8 DPS=None 성장=2.4
reprt_code='11011', fs_div='CFS' (사업보고서, 연결제무제표)'
reprt_code='11011', fs_div='CFS' (사업보고서, 연결제무제표)'
reprt_code='11011', fs_div='CFS' (사업보고서, 연결제무제표)'
reprt_code='11011', fs_div='CFS' (사업보고서, 연결제무제표)'
reprt_code='11013', fs_div='CFS' (1분기보고서, 연결제무제표)'
reprt_code='11012', fs_div='CFS' (반기보고서, 연결제무제표)'
reprt_code='11014', fs_div='CFS' (3분기보고서, 연결제무제표)'
reprt_code='11013', fs_div='CFS' (1분기보고서, 연결제무제표)'
  ✅ STX엔진 검증 통과 PER 16.9 PBR 3.6 EPS 1914 BPS 8973
  · 077970 STX엔진: EPS=1914 BPS=8973 ROE=23.3 DPS=0.0 성장=8.9
reprt_code='11011', fs_div='CFS' (사업보고서, 연결제무제표)'
reprt_code='11011', fs_div='CFS' (사업보고서, 연결제무제표)'
reprt_code='11011', fs_div='CFS' (사업보고서, 연결제무제표)'
reprt_code='11011', fs_div='CFS' (사업보고서, 연결제무제표)'
reprt_code='11013', fs_div='CFS' (1분기보고서, 연결제무제표)'
reprt_code='11012', fs_div='CFS' (반기보고서, 연결제무제표)'
reprt_code='11014', fs_div='CFS' (3분기보고서, 연결제무제표)'
reprt_code='11013', fs_div='CFS' (1분기보고서, 연결제무제표)'
  ✅ 쎄트렉아이 검증 통과 PER 107.5 PBR 5.23 EPS 1096 BPS 22525
  · 099320 쎄트렉아이: EPS=1096 BPS=22525 ROE=4.8 DPS=100.0 성장=20.8
reprt_code='11011', fs_div='CFS' (사업보고서, 연결제무제표)'
{'status': '013', 'message': '조회된 데이타가 없습니다.'}

reprt_code='11011', fs_div='OFS' (사업보고서, 별도(개별)제무제표)'
reprt_code='11011', fs_div='CFS' (사업보고서, 연결제무제표)'
{'status': '013', 'message': '조회된 데이타가 없습니다.'}

reprt_code='11011', fs_div='OFS' (사업보고서, 별도(개별)제무제표)'
reprt_code='11011', fs_div='CFS' (사업보고서, 연결제무제표)'
{'status': '013', 'message': '조회된 데이타가 없습니다.'}

reprt_code='11011', fs_div='OFS' (사업보고서, 별도(개별)제무제표)'
reprt_code='11011', fs_div='CFS' (사업보고서, 연결제무제표)'
{'status': '013', 'message': '조회된 데이타가 없습니다.'}

reprt_code='11011', fs_div='OFS' (사업보고서, 별도(개별)제무제표)'
{'status': '013', 'message': '조회된 데이타가 없습니다.'}

reprt_code='11013', fs_div='CFS' (1분기보고서, 연결제무제표)'
{'status': '013', 'message': '조회된 데이타가 없습니다.'}

reprt_code='11013', fs_div='OFS' (1분기보고서, 별도(개별)제무제표)'
reprt_code='11012', fs_div='CFS' (반기보고서, 연결제무제표)'
{'status': '013', 'message': '조회된 데이타가 없습니다.'}

reprt_code='11012', fs_div='OFS' (반기보고서, 별도(개별)제무제표)'
reprt_code='11014', fs_div='CFS' (3분기보고서, 연결제무제표)'
{'status': '013', 'message': '조회된 데이타가 없습니다.'}

reprt_code='11014', fs_div='OFS' (3분기보고서, 별도(개별)제무제표)'
reprt_code='11013', fs_div='CFS' (1분기보고서, 연결제무제표)'
{'status': '013', 'message': '조회된 데이타가 없습니다.'}

reprt_code='11013', fs_div='OFS' (1분기보고서, 별도(개별)제무제표)'
  ❌ 알지노믹스 중대오류 차단 → 해당 지표 숨김: BPS 7070↔ref 3714.0
  · 476830 알지노믹스: EPS=-7629 BPS=None ROE=458.4 DPS=None 성장=None
reprt_code='11011', fs_div='CFS' (사업보고서, 연결제무제표)'
reprt_code='11011', fs_div='CFS' (사업보고서, 연결제무제표)'
reprt_code='11011', fs_div='CFS' (사업보고서, 연결제무제표)'
reprt_code='11011', fs_div='CFS' (사업보고서, 연결제무제표)'
reprt_code='11013', fs_div='CFS' (1분기보고서, 연결제무제표)'
reprt_code='11012', fs_div='CFS' (반기보고서, 연결제무제표)'
reprt_code='11014', fs_div='CFS' (3분기보고서, 연결제무제표)'
reprt_code='11013', fs_div='CFS' (1분기보고서, 연결제무제표)'
  ✅ HDC 검증 통과 PER 4.2 PBR 0.35 EPS 5008 BPS 60118
  · 012630 HDC: EPS=5008 BPS=60118 ROE=10.6 DPS=450.0 성장=6.2
reprt_code='11011', fs_div='CFS' (사업보고서, 연결제무제표)'
reprt_code='11011', fs_div='CFS' (사업보고서, 연결제무제표)'
reprt_code='11011', fs_div='CFS' (사업보고서, 연결제무제표)'
reprt_code='11011', fs_div='CFS' (사업보고서, 연결제무제표)'
{'status': '013', 'message': '조회된 데이타가 없습니다.'}

reprt_code='11011', fs_div='OFS' (사업보고서, 별도(개별)제무제표)'
{'status': '013', 'message': '조회된 데이타가 없습니다.'}

reprt_code='11013', fs_div='CFS' (1분기보고서, 연결제무제표)'
reprt_code='11012', fs_div='CFS' (반기보고서, 연결제무제표)'
reprt_code='11014', fs_div='CFS' (3분기보고서, 연결제무제표)'
reprt_code='11013', fs_div='CFS' (1분기보고서, 연결제무제표)'
  ✅ 한화투자증권 검증 통과 PER 15.3 PBR 0.63 EPS 382 BPS 9295
  · 003530 한화투자증권: EPS=382 BPS=9295 ROE=4.4 DPS=0.0 성장=24.0
reprt_code='11011', fs_div='CFS' (사업보고서, 연결제무제표)'
reprt_code='11011', fs_div='CFS' (사업보고서, 연결제무제표)'
reprt_code='11011', fs_div='CFS' (사업보고서, 연결제무제표)'
reprt_code='11011', fs_div='CFS' (사업보고서, 연결제무제표)'
{'status': '013', 'message': '조회된 데이타가 없습니다.'}

reprt_code='11011', fs_div='OFS' (사업보고서, 별도(개별)제무제표)'
{'status': '013', 'message': '조회된 데이타가 없습니다.'}

reprt_code='11013', fs_div='CFS' (1분기보고서, 연결제무제표)'
reprt_code='11012', fs_div='CFS' (반기보고서, 연결제무제표)'
reprt_code='11014', fs_div='CFS' (3분기보고서, 연결제무제표)'
reprt_code='11013', fs_div='CFS' (1분기보고서, 연결제무제표)'
  ✅ 교보증권 검증 통과 PER 7.7 PBR 0.57 EPS 1414 BPS 19152
  · 030610 교보증권: EPS=1414 BPS=19152 ROE=7.6 DPS=550.0 성장=42.3
reprt_code='11011', fs_div='CFS' (사업보고서, 연결제무제표)'
reprt_code='11011', fs_div='CFS' (사업보고서, 연결제무제표)'
reprt_code='11011', fs_div='CFS' (사업보고서, 연결제무제표)'
reprt_code='11011', fs_div='CFS' (사업보고서, 연결제무제표)'
reprt_code='11013', fs_div='CFS' (1분기보고서, 연결제무제표)'
reprt_code='11012', fs_div='CFS' (반기보고서, 연결제무제표)'
reprt_code='11014', fs_div='CFS' (3분기보고서, 연결제무제표)'
reprt_code='11013', fs_div='CFS' (1분기보고서, 연결제무제표)'
  ✅ 삼표시멘트 검증 통과 PER 25.1 PBR 1.57 EPS 459 BPS 7322
  · 038500 삼표시멘트: EPS=459 BPS=7322 ROE=6.5 DPS=121.0 성장=-14.4
reprt_code='11011', fs_div='CFS' (사업보고서, 연결제무제표)'
{'status': '013', 'message': '조회된 데이타가 없습니다.'}

reprt_code='11011', fs_div='OFS' (사업보고서, 별도(개별)제무제표)'
reprt_code='11011', fs_div='CFS' (사업보고서, 연결제무제표)'
{'status': '013', 'message': '조회된 데이타가 없습니다.'}

reprt_code='11011', fs_div='OFS' (사업보고서, 별도(개별)제무제표)'
reprt_code='11011', fs_div='CFS' (사업보고서, 연결제무제표)'
{'status': '013', 'message': '조회된 데이타가 없습니다.'}

reprt_code='11011', fs_div='OFS' (사업보고서, 별도(개별)제무제표)'
{'status': '013', 'message': '조회된 데이타가 없습니다.'}

reprt_code='11011', fs_div='CFS' (사업보고서, 연결제무제표)'
{'status': '013', 'message': '조회된 데이타가 없습니다.'}

reprt_code='11011', fs_div='OFS' (사업보고서, 별도(개별)제무제표)'
{'status': '013', 'message': '조회된 데이타가 없습니다.'}

reprt_code='11013', fs_div='CFS' (1분기보고서, 연결제무제표)'
{'status': '013', 'message': '조회된 데이타가 없습니다.'}

reprt_code='11013', fs_div='OFS' (1분기보고서, 별도(개별)제무제표)'
reprt_code='11012', fs_div='CFS' (반기보고서, 연결제무제표)'
{'status': '013', 'message': '조회된 데이타가 없습니다.'}

reprt_code='11012', fs_div='OFS' (반기보고서, 별도(개별)제무제표)'
reprt_code='11014', fs_div='CFS' (3분기보고서, 연결제무제표)'
{'status': '013', 'message': '조회된 데이타가 없습니다.'}

reprt_code='11014', fs_div='OFS' (3분기보고서, 별도(개별)제무제표)'
reprt_code='11013', fs_div='CFS' (1분기보고서, 연결제무제표)'
{'status': '013', 'message': '조회된 데이타가 없습니다.'}

reprt_code='11013', fs_div='OFS' (1분기보고서, 별도(개별)제무제표)'
  ✅ 에이치브이엠 검증 통과 PER 79.7 PBR 12.87 EPS 1297 BPS 8035
  · 295310 에이치브이엠: EPS=1297 BPS=8035 ROE=19.0 DPS=None 성장=47.4
reprt_code='11011', fs_div='CFS' (사업보고서, 연결제무제표)'
reprt_code='11011', fs_div='CFS' (사업보고서, 연결제무제표)'
reprt_code='11011', fs_div='CFS' (사업보고서, 연결제무제표)'
reprt_code='11011', fs_div='CFS' (사업보고서, 연결제무제표)'
reprt_code='11013', fs_div='CFS' (1분기보고서, 연결제무제표)'
reprt_code='11012', fs_div='CFS' (반기보고서, 연결제무제표)'
reprt_code='11014', fs_div='CFS' (3분기보고서, 연결제무제표)'
reprt_code='11013', fs_div='CFS' (1분기보고서, 연결제무제표)'
  ✅ 롯데정밀화학 검증 통과 PER 10.0 PBR 0.5 EPS 4806 BPS 95913
  · 004000 롯데정밀화학: EPS=4806 BPS=95913 ROE=5.1 DPS=1500.0 성장=4.9
reprt_code='11011', fs_div='CFS' (사업보고서, 연결제무제표)'
reprt_code='11011', fs_div='CFS' (사업보고서, 연결제무제표)'
reprt_code='11011', fs_div='CFS' (사업보고서, 연결제무제표)'
reprt_code='11011', fs_div='CFS' (사업보고서, 연결제무제표)'
{'status': '013', 'message': '조회된 데이타가 없습니다.'}

reprt_code='11011', fs_div='OFS' (사업보고서, 별도(개별)제무제표)'
{'status': '013', 'message': '조회된 데이타가 없습니다.'}

reprt_code='11013', fs_div='CFS' (1분기보고서, 연결제무제표)'
reprt_code='11012', fs_div='CFS' (반기보고서, 연결제무제표)'
reprt_code='11014', fs_div='CFS' (3분기보고서, 연결제무제표)'
reprt_code='11013', fs_div='CFS' (1분기보고서, 연결제무제표)'
reprt_code='11011', fs_div='CFS' (사업보고서, 연결제무제표)'
reprt_code='11011', fs_div='CFS' (사업보고서, 연결제무제표)'
reprt_code='11011', fs_div='CFS' (사업보고서, 연결제무제표)'
  ❌ 동양생명 중대오류 차단 → 해당 지표 숨김: BPS 11821↔ref 9925.0
  · 082640 동양생명: EPS=662 BPS=None ROE=6.2 DPS=0.0 성장=3.2
reprt_code='11011', fs_div='CFS' (사업보고서, 연결제무제표)'
{'status': '013', 'message': '조회된 데이타가 없습니다.'}

reprt_code='11011', fs_div='OFS' (사업보고서, 별도(개별)제무제표)'
{'status': '013', 'message': '조회된 데이타가 없습니다.'}

reprt_code='11011', fs_div='CFS' (사업보고서, 연결제무제표)'
{'status': '013', 'message': '조회된 데이타가 없습니다.'}

reprt_code='11011', fs_div='OFS' (사업보고서, 별도(개별)제무제표)'
{'status': '013', 'message': '조회된 데이타가 없습니다.'}

reprt_code='11011', fs_div='CFS' (사업보고서, 연결제무제표)'
{'status': '013', 'message': '조회된 데이타가 없습니다.'}

reprt_code='11011', fs_div='OFS' (사업보고서, 별도(개별)제무제표)'
{'status': '013', 'message': '조회된 데이타가 없습니다.'}

reprt_code='11011', fs_div='CFS' (사업보고서, 연결제무제표)'
{'status': '013', 'message': '조회된 데이타가 없습니다.'}

reprt_code='11011', fs_div='OFS' (사업보고서, 별도(개별)제무제표)'
{'status': '013', 'message': '조회된 데이타가 없습니다.'}

reprt_code='11013', fs_div='CFS' (1분기보고서, 연결제무제표)'
{'status': '013', 'message': '조회된 데이타가 없습니다.'}

reprt_code='11013', fs_div='OFS' (1분기보고서, 별도(개별)제무제표)'
{'status': '013', 'message': '조회된 데이타가 없습니다.'}

reprt_code='11012', fs_div='CFS' (반기보고서, 연결제무제표)'
{'status': '013', 'message': '조회된 데이타가 없습니다.'}

reprt_code='11012', fs_div='OFS' (반기보고서, 별도(개별)제무제표)'
{'status': '013', 'message': '조회된 데이타가 없습니다.'}

reprt_code='11014', fs_div='CFS' (3분기보고서, 연결제무제표)'
{'status': '013', 'message': '조회된 데이타가 없습니다.'}

reprt_code='11014', fs_div='OFS' (3분기보고서, 별도(개별)제무제표)'
{'status': '013', 'message': '조회된 데이타가 없습니다.'}

reprt_code='11013', fs_div='CFS' (1분기보고서, 연결제무제표)'
{'status': '013', 'message': '조회된 데이타가 없습니다.'}

reprt_code='11013', fs_div='OFS' (1분기보고서, 별도(개별)제무제표)'
{'status': '013', 'message': '조회된 데이타가 없습니다.'}

{'status': '013', 'message': '조회된 데이타가 없습니다.'}

{'status': '013', 'message': '조회된 데이타가 없습니다.'}

{'status': '013', 'message': '조회된 데이타가 없습니다.'}

{'status': '013', 'message': '조회된 데이타가 없습니다.'}

{'status': '013', 'message': '조회된 데이타가 없습니다.'}
{'status': '013', 'message': '조회된 데이타가 없습니다.'}
{'status': '013', 'message': '조회된 데이타가 없습니다.'}
{'status': '013', 'message': '조회된 데이타가 없습니다.'}
  ⚠️ KB발해인프라: 참조값 없음 — 자체 PER·EPS 미검증
  · 415640 KB발해인프라: EPS=None BPS=None ROE=None DPS=None 성장=None
reprt_code='11011', fs_div='CFS' (사업보고서, 연결제무제표)'
reprt_code='11011', fs_div='CFS' (사업보고서, 연결제무제표)'
reprt_code='11011', fs_div='CFS' (사업보고서, 연결제무제표)'
reprt_code='11011', fs_div='CFS' (사업보고서, 연결제무제표)'
reprt_code='11013', fs_div='CFS' (1분기보고서, 연결제무제표)'
reprt_code='11012', fs_div='CFS' (반기보고서, 연결제무제표)'
reprt_code='11014', fs_div='CFS' (3분기보고서, 연결제무제표)'
reprt_code='11013', fs_div='CFS' (1분기보고서, 연결제무제표)'
  ✅ GST 검증 통과 PER 21.1 PBR 3.76 EPS 3070 BPS 17263
  · 083450 GST: EPS=3070 BPS=17263 ROE=19.2 DPS=650.0 성장=0.3
reprt_code='11011', fs_div='CFS' (사업보고서, 연결제무제표)'
reprt_code='11011', fs_div='CFS' (사업보고서, 연결제무제표)'
reprt_code='11011', fs_div='CFS' (사업보고서, 연결제무제표)'
reprt_code='11011', fs_div='CFS' (사업보고서, 연결제무제표)'
reprt_code='11013', fs_div='CFS' (1분기보고서, 연결제무제표)'
reprt_code='11012', fs_div='CFS' (반기보고서, 연결제무제표)'
reprt_code='11014', fs_div='CFS' (3분기보고서, 연결제무제표)'
reprt_code='11013', fs_div='CFS' (1분기보고서, 연결제무제표)'
  ✅ SFA반도체 검증 통과 PER None PBR 2.55 EPS -73 BPS 2844
  · 036540 SFA반도체: EPS=-73 BPS=2844 ROE=-2.5 DPS=None 성장=-8.3
reprt_code='11011', fs_div='CFS' (사업보고서, 연결제무제표)'
reprt_code='11011', fs_div='CFS' (사업보고서, 연결제무제표)'
reprt_code='11011', fs_div='CFS' (사업보고서, 연결제무제표)'
reprt_code='11011', fs_div='CFS' (사업보고서, 연결제무제표)'
{'status': '013', 'message': '조회된 데이타가 없습니다.'}

reprt_code='11011', fs_div='OFS' (사업보고서, 별도(개별)제무제표)'
{'status': '013', 'message': '조회된 데이타가 없습니다.'}

reprt_code='11013', fs_div='CFS' (1분기보고서, 연결제무제표)'
reprt_code='11012', fs_div='CFS' (반기보고서, 연결제무제표)'
reprt_code='11014', fs_div='CFS' (3분기보고서, 연결제무제표)'
reprt_code='11013', fs_div='CFS' (1분기보고서, 연결제무제표)'
  ✅ 큐리옥스바이오시스템즈 검증 통과 PER None PBR 22.85 EPS -1575 BPS 3015
  · 445680 큐리옥스바이오시스템즈: EPS=-1575 BPS=3015 ROE=-53.8 DPS=None 성장=12.3
reprt_code='11011', fs_div='CFS' (사업보고서, 연결제무제표)'
{'status': '013', 'message': '조회된 데이타가 없습니다.'}

reprt_code='11011', fs_div='OFS' (사업보고서, 별도(개별)제무제표)'
reprt_code='11011', fs_div='CFS' (사업보고서, 연결제무제표)'
{'status': '013', 'message': '조회된 데이타가 없습니다.'}

reprt_code='11011', fs_div='OFS' (사업보고서, 별도(개별)제무제표)'
reprt_code='11011', fs_div='CFS' (사업보고서, 연결제무제표)'
{'status': '013', 'message': '조회된 데이타가 없습니다.'}

reprt_code='11011', fs_div='OFS' (사업보고서, 별도(개별)제무제표)'
reprt_code='11011', fs_div='CFS' (사업보고서, 연결제무제표)'
{'status': '013', 'message': '조회된 데이타가 없습니다.'}

reprt_code='11011', fs_div='OFS' (사업보고서, 별도(개별)제무제표)'
reprt_code='11013', fs_div='CFS' (1분기보고서, 연결제무제표)'
{'status': '013', 'message': '조회된 데이타가 없습니다.'}

reprt_code='11013', fs_div='OFS' (1분기보고서, 별도(개별)제무제표)'
reprt_code='11012', fs_div='CFS' (반기보고서, 연결제무제표)'
{'status': '013', 'message': '조회된 데이타가 없습니다.'}

reprt_code='11012', fs_div='OFS' (반기보고서, 별도(개별)제무제표)'
reprt_code='11014', fs_div='CFS' (3분기보고서, 연결제무제표)'
{'status': '013', 'message': '조회된 데이타가 없습니다.'}

reprt_code='11014', fs_div='OFS' (3분기보고서, 별도(개별)제무제표)'
reprt_code='11013', fs_div='CFS' (1분기보고서, 연결제무제표)'
{'status': '013', 'message': '조회된 데이타가 없습니다.'}

reprt_code='11013', fs_div='OFS' (1분기보고서, 별도(개별)제무제표)'
  ✅ HK이노엔 검증 통과 PER 14.0 PBR 0.88 EPS 2973 BPS 47205
  · 195940 HK이노엔: EPS=2973 BPS=47205 ROE=6.5 DPS=410.0 성장=18.5
reprt_code='11011', fs_div='CFS' (사업보고서, 연결제무제표)'
reprt_code='11011', fs_div='CFS' (사업보고서, 연결제무제표)'
reprt_code='11011', fs_div='CFS' (사업보고서, 연결제무제표)'
reprt_code='11011', fs_div='CFS' (사업보고서, 연결제무제표)'
reprt_code='11013', fs_div='CFS' (1분기보고서, 연결제무제표)'
reprt_code='11012', fs_div='CFS' (반기보고서, 연결제무제표)'
reprt_code='11014', fs_div='CFS' (3분기보고서, 연결제무제표)'
reprt_code='11013', fs_div='CFS' (1분기보고서, 연결제무제표)'
  ✅ 케이엠더블유 검증 통과 PER None PBR 8.13 EPS -654 BPS 3403
  · 032500 케이엠더블유: EPS=-654 BPS=3403 ROE=-19.0 DPS=None 성장=11.6
reprt_code='11011', fs_div='CFS' (사업보고서, 연결제무제표)'
reprt_code='11011', fs_div='CFS' (사업보고서, 연결제무제표)'
reprt_code='11011', fs_div='CFS' (사업보고서, 연결제무제표)'
reprt_code='11011', fs_div='CFS' (사업보고서, 연결제무제표)'
reprt_code='11013', fs_div='CFS' (1분기보고서, 연결제무제표)'
reprt_code='11012', fs_div='CFS' (반기보고서, 연결제무제표)'
reprt_code='11014', fs_div='CFS' (3분기보고서, 연결제무제표)'
reprt_code='11013', fs_div='CFS' (1분기보고서, 연결제무제표)'
  ✅ 하림지주 검증 통과 PER 4.5 PBR 0.3 EPS 2291 BPS 34333
  · 003380 하림지주: EPS=2291 BPS=34333 ROE=7.8 DPS=120.0 성장=7.7
reprt_code='11011', fs_div='CFS' (사업보고서, 연결제무제표)'
reprt_code='11011', fs_div='CFS' (사업보고서, 연결제무제표)'
reprt_code='11011', fs_div='CFS' (사업보고서, 연결제무제표)'
reprt_code='11011', fs_div='CFS' (사업보고서, 연결제무제표)'
reprt_code='11013', fs_div='CFS' (1분기보고서, 연결제무제표)'
reprt_code='11012', fs_div='CFS' (반기보고서, 연결제무제표)'
reprt_code='11014', fs_div='CFS' (3분기보고서, 연결제무제표)'
reprt_code='11013', fs_div='CFS' (1분기보고서, 연결제무제표)'
  ✅ 하이트진로 검증 통과 PER 28.8 PBR 1.02 EPS 567 BPS 15981
  · 000080 하이트진로: EPS=567 BPS=15981 ROE=3.5 DPS=700.0 성장=-3.9
reprt_code='11011', fs_div='CFS' (사업보고서, 연결제무제표)'
reprt_code='11011', fs_div='CFS' (사업보고서, 연결제무제표)'
{'status': '013', 'message': '조회된 데이타가 없습니다.'}

reprt_code='11011', fs_div='OFS' (사업보고서, 별도(개별)제무제표)'
{'status': '013', 'message': '조회된 데이타가 없습니다.'}

reprt_code='11011', fs_div='CFS' (사업보고서, 연결제무제표)'
{'status': '013', 'message': '조회된 데이타가 없습니다.'}

reprt_code='11011', fs_div='OFS' (사업보고서, 별도(개별)제무제표)'
{'status': '013', 'message': '조회된 데이타가 없습니다.'}

reprt_code='11011', fs_div='CFS' (사업보고서, 연결제무제표)'
{'status': '013', 'message': '조회된 데이타가 없습니다.'}

reprt_code='11011', fs_div='OFS' (사업보고서, 별도(개별)제무제표)'
{'status': '013', 'message': '조회된 데이타가 없습니다.'}

reprt_code='11013', fs_div='CFS' (1분기보고서, 연결제무제표)'
{'status': '013', 'message': '조회된 데이타가 없습니다.'}

reprt_code='11013', fs_div='OFS' (1분기보고서, 별도(개별)제무제표)'
{'status': '013', 'message': '조회된 데이타가 없습니다.'}

reprt_code='11012', fs_div='CFS' (반기보고서, 연결제무제표)'
reprt_code='11014', fs_div='CFS' (3분기보고서, 연결제무제표)'
reprt_code='11013', fs_div='CFS' (1분기보고서, 연결제무제표)'
{'status': '013', 'message': '조회된 데이타가 없습니다.'}
  ✅ 씨엠티엑스 검증 통과 PER None PBR 5.84 EPS None BPS 20304
  · 388210 씨엠티엑스: EPS=None BPS=20304 ROE=None DPS=None 성장=None
reprt_code='11011', fs_div='CFS' (사업보고서, 연결제무제표)'
reprt_code='11011', fs_div='CFS' (사업보고서, 연결제무제표)'
reprt_code='11011', fs_div='CFS' (사업보고서, 연결제무제표)'
reprt_code='11011', fs_div='CFS' (사업보고서, 연결제무제표)'
reprt_code='11013', fs_div='CFS' (1분기보고서, 연결제무제표)'
reprt_code='11012', fs_div='CFS' (반기보고서, 연결제무제표)'
reprt_code='11014', fs_div='CFS' (3분기보고서, 연결제무제표)'
reprt_code='11013', fs_div='CFS' (1분기보고서, 연결제무제표)'
  ✅ 제이에스링크 검증 통과 PER None PBR 12.39 EPS -517 BPS 2660
  · 127120 제이에스링크: EPS=-517 BPS=2660 ROE=-26.3 DPS=None 성장=21.4
reprt_code='11011', fs_div='CFS' (사업보고서, 연결제무제표)'
reprt_code='11011', fs_div='CFS' (사업보고서, 연결제무제표)'
reprt_code='11011', fs_div='CFS' (사업보고서, 연결제무제표)'
reprt_code='11011', fs_div='CFS' (사업보고서, 연결제무제표)'
reprt_code='11013', fs_div='CFS' (1분기보고서, 연결제무제표)'
reprt_code='11012', fs_div='CFS' (반기보고서, 연결제무제표)'
reprt_code='11014', fs_div='CFS' (3분기보고서, 연결제무제표)'
reprt_code='11013', fs_div='CFS' (1분기보고서, 연결제무제표)'
  ✅ DL 검증 통과 PER None PBR 0.3 EPS -2536 BPS 182499
  · 000210 DL: EPS=-2536 BPS=182499 ROE=-1.5 DPS=1000.0 성장=-5.1
reprt_code='11011', fs_div='CFS' (사업보고서, 연결제무제표)'
reprt_code='11011', fs_div='CFS' (사업보고서, 연결제무제표)'
reprt_code='11011', fs_div='CFS' (사업보고서, 연결제무제표)'
reprt_code='11011', fs_div='CFS' (사업보고서, 연결제무제표)'
reprt_code='11013', fs_div='CFS' (1분기보고서, 연결제무제표)'
reprt_code='11012', fs_div='CFS' (반기보고서, 연결제무제표)'
reprt_code='11014', fs_div='CFS' (3분기보고서, 연결제무제표)'
reprt_code='11013', fs_div='CFS' (1분기보고서, 연결제무제표)'
  ✅ 신성델타테크 검증 통과 PER 49.5 PBR 4.44 EPS 831 BPS 9273
  · 065350 신성델타테크: EPS=831 BPS=9273 ROE=9.8 DPS=120.0 성장=3.9
reprt_code='11011', fs_div='CFS' (사업보고서, 연결제무제표)'
reprt_code='11011', fs_div='CFS' (사업보고서, 연결제무제표)'
reprt_code='11011', fs_div='CFS' (사업보고서, 연결제무제표)'
reprt_code='11011', fs_div='CFS' (사업보고서, 연결제무제표)'
reprt_code='11013', fs_div='CFS' (1분기보고서, 연결제무제표)'
reprt_code='11012', fs_div='CFS' (반기보고서, 연결제무제표)'
reprt_code='11014', fs_div='CFS' (3분기보고서, 연결제무제표)'
reprt_code='11013', fs_div='CFS' (1분기보고서, 연결제무제표)'
  ✅ 인텔리안테크 검증 통과 PER 30.7 PBR 3.82 EPS 3409 BPS 27399
  · 189300 인텔리안테크: EPS=3409 BPS=27399 ROE=13.3 DPS=200.0 성장=24.0
reprt_code='11011', fs_div='CFS' (사업보고서, 연결제무제표)'
reprt_code='11011', fs_div='CFS' (사업보고서, 연결제무제표)'
reprt_code='11011', fs_div='CFS' (사업보고서, 연결제무제표)'
reprt_code='11011', fs_div='CFS' (사업보고서, 연결제무제표)'
{'status': '013', 'message': '조회된 데이타가 없습니다.'}

reprt_code='11011', fs_div='OFS' (사업보고서, 별도(개별)제무제표)'
{'status': '013', 'message': '조회된 데이타가 없습니다.'}

reprt_code='11013', fs_div='CFS' (1분기보고서, 연결제무제표)'
reprt_code='11012', fs_div='CFS' (반기보고서, 연결제무제표)'
reprt_code='11014', fs_div='CFS' (3분기보고서, 연결제무제표)'
reprt_code='11013', fs_div='CFS' (1분기보고서, 연결제무제표)'
  ✅ LS머트리얼즈 검증 통과 PER 1844.4 PBR 6.28 EPS 9 BPS 2645
  · 417200 LS머트리얼즈: EPS=9 BPS=2645 ROE=0.3 DPS=22.0 성장=8.1
reprt_code='11011', fs_div='CFS' (사업보고서, 연결제무제표)'
reprt_code='11011', fs_div='CFS' (사업보고서, 연결제무제표)'
{'status': '013', 'message': '조회된 데이타가 없습니다.'}

reprt_code='11011', fs_div='OFS' (사업보고서, 별도(개별)제무제표)'
reprt_code='11011', fs_div='CFS' (사업보고서, 연결제무제표)'
{'status': '013', 'message': '조회된 데이타가 없습니다.'}

reprt_code='11011', fs_div='OFS' (사업보고서, 별도(개별)제무제표)'
{'status': '013', 'message': '조회된 데이타가 없습니다.'}

reprt_code='11011', fs_div='CFS' (사업보고서, 연결제무제표)'
{'status': '013', 'message': '조회된 데이타가 없습니다.'}

reprt_code='11011', fs_div='OFS' (사업보고서, 별도(개별)제무제표)'
{'status': '013', 'message': '조회된 데이타가 없습니다.'}

reprt_code='11013', fs_div='CFS' (1분기보고서, 연결제무제표)'
{'status': '013', 'message': '조회된 데이타가 없습니다.'}

reprt_code='11013', fs_div='OFS' (1분기보고서, 별도(개별)제무제표)'
reprt_code='11012', fs_div='CFS' (반기보고서, 연결제무제표)'
reprt_code='11014', fs_div='CFS' (3분기보고서, 연결제무제표)'
reprt_code='11013', fs_div='CFS' (1분기보고서, 연결제무제표)'
  ✅ 씨어스 검증 통과 PER 35.3 PBR 20.76 EPS 835 BPS 1421
  · 458870 씨어스: EPS=835 BPS=1421 ROE=81.0 DPS=None 성장=494.7
reprt_code='11011', fs_div='CFS' (사업보고서, 연결제무제표)'
reprt_code='11011', fs_div='CFS' (사업보고서, 연결제무제표)'
reprt_code='11011', fs_div='CFS' (사업보고서, 연결제무제표)'
reprt_code='11011', fs_div='CFS' (사업보고서, 연결제무제표)'
reprt_code='11013', fs_div='CFS' (1분기보고서, 연결제무제표)'
reprt_code='11012', fs_div='CFS' (반기보고서, 연결제무제표)'
reprt_code='11014', fs_div='CFS' (3분기보고서, 연결제무제표)'
reprt_code='11013', fs_div='CFS' (1분기보고서, 연결제무제표)'
  ✅ 롯데렌탈 검증 통과 PER 8.7 PBR 0.7 EPS 3553 BPS 44052
  · 089860 롯데렌탈: EPS=3553 BPS=44052 ROE=8.5 DPS=1200.0 성장=4.5
reprt_code='11011', fs_div='CFS' (사업보고서, 연결제무제표)'
reprt_code='11011', fs_div='CFS' (사업보고서, 연결제무제표)'
reprt_code='11011', fs_div='CFS' (사업보고서, 연결제무제표)'
reprt_code='11011', fs_div='CFS' (사업보고서, 연결제무제표)'
reprt_code='11013', fs_div='CFS' (1분기보고서, 연결제무제표)'
reprt_code='11012', fs_div='CFS' (반기보고서, 연결제무제표)'
reprt_code='11014', fs_div='CFS' (3분기보고서, 연결제무제표)'
reprt_code='11013', fs_div='CFS' (1분기보고서, 연결제무제표)'
  ✅ 원익QnC 검증 통과 PER 47.4 PBR 1.91 EPS 889 BPS 22085
  · 074600 원익QnC: EPS=889 BPS=22085 ROE=4.7 DPS=130.0 성장=5.8
reprt_code='11011', fs_div='CFS' (사업보고서, 연결제무제표)'
reprt_code='11011', fs_div='CFS' (사업보고서, 연결제무제표)'
reprt_code='11011', fs_div='CFS' (사업보고서, 연결제무제표)'
reprt_code='11011', fs_div='CFS' (사업보고서, 연결제무제표)'
reprt_code='11013', fs_div='CFS' (1분기보고서, 연결제무제표)'
reprt_code='11012', fs_div='CFS' (반기보고서, 연결제무제표)'
reprt_code='11014', fs_div='CFS' (3분기보고서, 연결제무제표)'
reprt_code='11013', fs_div='CFS' (1분기보고서, 연결제무제표)'
  ❌ 차바이오텍 중대오류 차단 → 해당 지표 숨김: EPS -1089↔ref -945.0 / BPS 7670↔ref 5534.0
  · 085660 차바이오텍: EPS=None BPS=None ROE=-22.8 DPS=0.0 성장=21.4
reprt_code='11011', fs_div='CFS' (사업보고서, 연결제무제표)'
reprt_code='11011', fs_div='CFS' (사업보고서, 연결제무제표)'
reprt_code='11011', fs_div='CFS' (사업보고서, 연결제무제표)'
reprt_code='11011', fs_div='CFS' (사업보고서, 연결제무제표)'
reprt_code='11013', fs_div='CFS' (1분기보고서, 연결제무제표)'
reprt_code='11012', fs_div='CFS' (반기보고서, 연결제무제표)'
reprt_code='11014', fs_div='CFS' (3분기보고서, 연결제무제표)'
reprt_code='11013', fs_div='CFS' (1분기보고서, 연결제무제표)'
  ✅ 로보스타 검증 통과 PER None PBR 12.57 EPS -211 BPS 9005
  · 090360 로보스타: EPS=-211 BPS=9005 ROE=-2.3 DPS=None 성장=-15.0
reprt_code='11011', fs_div='CFS' (사업보고서, 연결제무제표)'
reprt_code='11011', fs_div='CFS' (사업보고서, 연결제무제표)'
reprt_code='11011', fs_div='CFS' (사업보고서, 연결제무제표)'
reprt_code='11011', fs_div='CFS' (사업보고서, 연결제무제표)'
reprt_code='11013', fs_div='CFS' (1분기보고서, 연결제무제표)'
reprt_code='11012', fs_div='CFS' (반기보고서, 연결제무제표)'
reprt_code='11014', fs_div='CFS' (3분기보고서, 연결제무제표)'
reprt_code='11013', fs_div='CFS' (1분기보고서, 연결제무제표)'
  ❌ 루닛 중대오류 차단 → 해당 지표 숨김: EPS -2305↔ref -1074.0 / BPS 4258↔ref 1992.0
  · 328130 루닛: EPS=None BPS=None ROE=-115.8 DPS=None 성장=53.4
reprt_code='11011', fs_div='CFS' (사업보고서, 연결제무제표)'
{'status': '013', 'message': '조회된 데이타가 없습니다.'}

reprt_code='11011', fs_div='OFS' (사업보고서, 별도(개별)제무제표)'
reprt_code='11011', fs_div='CFS' (사업보고서, 연결제무제표)'
{'status': '013', 'message': '조회된 데이타가 없습니다.'}

reprt_code='11011', fs_div='OFS' (사업보고서, 별도(개별)제무제표)'
reprt_code='11011', fs_div='CFS' (사업보고서, 연결제무제표)'
{'status': '013', 'message': '조회된 데이타가 없습니다.'}

reprt_code='11011', fs_div='OFS' (사업보고서, 별도(개별)제무제표)'
reprt_code='11011', fs_div='CFS' (사업보고서, 연결제무제표)'
{'status': '013', 'message': '조회된 데이타가 없습니다.'}

reprt_code='11011', fs_div='OFS' (사업보고서, 별도(개별)제무제표)'
reprt_code='11013', fs_div='CFS' (1분기보고서, 연결제무제표)'
{'status': '013', 'message': '조회된 데이타가 없습니다.'}

reprt_code='11013', fs_div='OFS' (1분기보고서, 별도(개별)제무제표)'
{'status': '013', 'message': '조회된 데이타가 없습니다.'}

reprt_code='11012', fs_div='CFS' (반기보고서, 연결제무제표)'
{'status': '013', 'message': '조회된 데이타가 없습니다.'}

reprt_code='11012', fs_div='OFS' (반기보고서, 별도(개별)제무제표)'
reprt_code='11014', fs_div='CFS' (3분기보고서, 연결제무제표)'
{'status': '013', 'message': '조회된 데이타가 없습니다.'}

reprt_code='11014', fs_div='OFS' (3분기보고서, 별도(개별)제무제표)'
{'status': '013', 'message': '조회된 데이타가 없습니다.'}

reprt_code='11013', fs_div='CFS' (1분기보고서, 연결제무제표)'
{'status': '013', 'message': '조회된 데이타가 없습니다.'}

reprt_code='11013', fs_div='OFS' (1분기보고서, 별도(개별)제무제표)'
{'status': '013', 'message': '조회된 데이타가 없습니다.'}

{'status': '013', 'message': '조회된 데이타가 없습니다.'}

{'status': '013', 'message': '조회된 데이타가 없습니다.'}

{'status': '013', 'message': '조회된 데이타가 없습니다.'}

{'status': '013', 'message': '조회된 데이타가 없습니다.'}
  ✅ 롯데리츠 검증 통과 PER None PBR None EPS None BPS None
  · 330590 롯데리츠: EPS=None BPS=None ROE=None DPS=117.0 성장=8.0
reprt_code='11011', fs_div='CFS' (사업보고서, 연결제무제표)'
reprt_code='11011', fs_div='CFS' (사업보고서, 연결제무제표)'
reprt_code='11011', fs_div='CFS' (사업보고서, 연결제무제표)'
reprt_code='11011', fs_div='CFS' (사업보고서, 연결제무제표)'
reprt_code='11013', fs_div='CFS' (1분기보고서, 연결제무제표)'
reprt_code='11012', fs_div='CFS' (반기보고서, 연결제무제표)'
reprt_code='11014', fs_div='CFS' (3분기보고서, 연결제무제표)'
reprt_code='11013', fs_div='CFS' (1분기보고서, 연결제무제표)'
  ✅ 레이크머티리얼즈 검증 통과 PER 88.2 PBR 7.76 EPS 187 BPS 2124
  · 281740 레이크머티리얼즈: EPS=187 BPS=2124 ROE=9.2 DPS=30.0 성장=1.8
reprt_code='11011', fs_div='CFS' (사업보고서, 연결제무제표)'
reprt_code='11011', fs_div='CFS' (사업보고서, 연결제무제표)'
reprt_code='11011', fs_div='CFS' (사업보고서, 연결제무제표)'
reprt_code='11011', fs_div='CFS' (사업보고서, 연결제무제표)'
reprt_code='11013', fs_div='CFS' (1분기보고서, 연결제무제표)'
reprt_code='11012', fs_div='CFS' (반기보고서, 연결제무제표)'
reprt_code='11014', fs_div='CFS' (3분기보고서, 연결제무제표)'
reprt_code='11013', fs_div='CFS' (1분기보고서, 연결제무제표)'
  ✅ 한일시멘트 검증 통과 PER 13.8 PBR 0.59 EPS 1049 BPS 24645
  · 300720 한일시멘트: EPS=1049 BPS=24645 ROE=4.3 DPS=1000.0 성장=-18.2
reprt_code='11011', fs_div='CFS' (사업보고서, 연결제무제표)'
reprt_code='11011', fs_div='CFS' (사업보고서, 연결제무제표)'
reprt_code='11011', fs_div='CFS' (사업보고서, 연결제무제표)'
reprt_code='11011', fs_div='CFS' (사업보고서, 연결제무제표)'
reprt_code='11013', fs_div='CFS' (1분기보고서, 연결제무제표)'
reprt_code='11012', fs_div='CFS' (반기보고서, 연결제무제표)'
reprt_code='11014', fs_div='CFS' (3분기보고서, 연결제무제표)'
reprt_code='11013', fs_div='CFS' (1분기보고서, 연결제무제표)'
  ❌ 태광산업 중대오류 차단 → 해당 지표 숨김: BPS 3595707↔ref 4756789.0
  · 003240 태광산업: EPS=30640 BPS=None ROE=0.9 DPS=1750.0 성장=-13.9
reprt_code='11011', fs_div='CFS' (사업보고서, 연결제무제표)'
reprt_code='11011', fs_div='CFS' (사업보고서, 연결제무제표)'
reprt_code='11011', fs_div='CFS' (사업보고서, 연결제무제표)'
reprt_code='11011', fs_div='CFS' (사업보고서, 연결제무제표)'
reprt_code='11013', fs_div='CFS' (1분기보고서, 연결제무제표)'
reprt_code='11012', fs_div='CFS' (반기보고서, 연결제무제표)'
reprt_code='11014', fs_div='CFS' (3분기보고서, 연결제무제표)'
reprt_code='11013', fs_div='CFS' (1분기보고서, 연결제무제표)'
  ❌ 대웅 중대오류 차단 → 해당 지표 숨김: EPS 4481↔ref 3167.0
  · 003090 대웅: EPS=None BPS=29706 ROE=16.3 DPS=200.0 성장=6.8
- ⏳ 시간예산 초과 — 저장 후 종료(다음 실행 이어받기). 처리 55건

✅ 밸류에이션 수집 — 이번 55건 신규 / 건너뜀 269 / 보유 952/2687개 / 갱신필요 2363개
- VALUATION_REMAINING 2363개 (다음 실행에서 이어받기)
